<?xml version="1.0" encoding="UTF-8"?>
<!-- Generated by org.testng.reporters.JUnitReportReporter -->
<testsuite hostname="DESKTOP-AIBN57R" failures="0" tests="1" name="E_Commerce.opencart.WebTables" time="0.432" errors="0" timestamp="2023-07-25T22:28:31 EET" skipped="0">
  <testcase classname="E_Commerce.opencart.WebTables" name="webTables" time="0.432"/>
</testsuite> <!-- E_Commerce.opencart.WebTables -->
