<?xml version="1.0" encoding="UTF-8"?>
<!-- Generated by org.testng.reporters.JUnitReportReporter -->
<testsuite hostname="DESKTOP-AIBN57R" failures="0" tests="1" name="E_Commerce.opencart.WorkingWithPromptAlert" time="0.636" errors="0" timestamp="2023-09-22T01:38:54 EET" skipped="0">
  <testcase classname="E_Commerce.opencart.WorkingWithPromptAlert" name="acceptingAlert" time="0.636"/>
</testsuite> <!-- E_Commerce.opencart.WorkingWithPromptAlert -->
