<?xml version="1.0" encoding="UTF-8"?>
<!-- Generated by org.testng.reporters.JUnitReportReporter -->
<testsuite hostname="DESKTOP-AIBN57R" failures="0" tests="10" name="E_Commerce.opencart.OpenCartTestCases" time="51.042" errors="0" timestamp="2023-07-16T17:08:55 EET" skipped="0">
  <testcase classname="E_Commerce.opencart.OpenCartTestCases" name="getTitle" time="0.017"/>
  <testcase classname="E_Commerce.opencart.OpenCartTestCases" name="happyCaseCheckSearch" time="13.373"/>
  <testcase classname="E_Commerce.opencart.OpenCartTestCases" name="signToCompleteCheckout" time="0.868"/>
  <testcase classname="E_Commerce.opencart.OpenCartTestCases" name="checkHomePageOpened" time="0.047"/>
  <testcase classname="E_Commerce.opencart.OpenCartTestCases" name="confirmPaymentMethod" time="3.222"/>
  <testcase classname="E_Commerce.opencart.OpenCartTestCases" name="signUpNewAccount" time="18.834"/>
  <testcase classname="E_Commerce.opencart.OpenCartTestCases" name="checkAddToCart" time="10.476"/>
  <testcase classname="E_Commerce.opencart.OpenCartTestCases" name="comparePrice" time="0.037"/>
  <testcase classname="E_Commerce.opencart.OpenCartTestCases" name="CheckWrongSearchResult" time="1.622"/>
  <testcase classname="E_Commerce.opencart.OpenCartTestCases" name="checkoutPage" time="2.546"/>
</testsuite> <!-- E_Commerce.opencart.OpenCartTestCases -->
