<?xml version="1.0" encoding="UTF-8"?>
<!-- Generated by org.testng.reporters.JUnitReportReporter -->
<testsuite hostname="DESKTOP-AIBN57R" failures="0" tests="1" name="E_Commerce.opencart.WorkingWithPromptAlert" time="2.040" errors="0" timestamp="2023-09-27T14:45:55 EET" skipped="0">
  <testcase classname="E_Commerce.opencart.WorkingWithPromptAlert" name="acceptingAlert" time="2.040"/>
</testsuite> <!-- E_Commerce.opencart.WorkingWithPromptAlert -->
