<?xml version="1.0" encoding="UTF-8"?>
<!-- Generated by org.testng.reporters.JUnitReportReporter -->
<testsuite hostname="DESKTOP-AIBN57R" failures="0" tests="1" name="E_Commerce.opencart.TestAlert" time="0.337" errors="0" timestamp="2023-09-16T03:24:13 EET" skipped="0">
  <testcase classname="E_Commerce.opencart.TestAlert" name="acceptingAlert" time="0.337"/>
</testsuite> <!-- E_Commerce.opencart.TestAlert -->
