<?xml version="1.0" encoding="UTF-8"?>
<!-- Generated by org.testng.reporters.JUnitReportReporter -->
<testsuite hostname="DESKTOP-AIBN57R" failures="0" tests="2" name="E_Commerce.opencart.WorkingWithConfirmAlert" time="10.281" errors="0" timestamp="2023-09-27T19:31:08 EET" skipped="0">
  <testcase classname="E_Commerce.opencart.WorkingWithConfirmAlert" name="acceptingAlert" time="5.193"/>
  <testcase classname="E_Commerce.opencart.WorkingWithConfirmAlert" name="rejectingAlert" time="5.088"/>
</testsuite> <!-- E_Commerce.opencart.WorkingWithConfirmAlert -->
