<?xml version="1.0" encoding="UTF-8"?>
<!-- Generated by org.testng.reporters.JUnitReportReporter -->
<testsuite hostname="DESKTOP-AIBN57R" failures="0" tests="1" name="E_Commerce.opencart.DragAndDrop" time="0.374" errors="0" timestamp="2023-09-09T01:29:24 EET" skipped="0">
  <testcase classname="E_Commerce.opencart.DragAndDrop" name="dragAndDrop" time="0.374"/>
</testsuite> <!-- E_Commerce.opencart.DragAndDrop -->
