<?xml version="1.0" encoding="UTF-8"?>
<!-- Generated by org.testng.reporters.JUnitReportReporter -->
<testsuite hostname="DESKTOP-AIBN57R" failures="0" tests="1" name="E_Commerce.opencart.DoubleClickWithActions" time="0.195" errors="0" timestamp="2023-09-08T01:47:57 EET" skipped="0">
  <testcase classname="E_Commerce.opencart.DoubleClickWithActions" name="DoubleClickTest" time="0.195"/>
</testsuite> <!-- E_Commerce.opencart.DoubleClickWithActions -->
