<?xml version="1.0" encoding="UTF-8"?>
<!-- Generated by org.testng.reporters.JUnitReportReporter -->
<testsuite hostname="DESKTOP-AIBN57R" failures="0" tests="1" name="E_Commerce.opencart.isElement" time="0.391" errors="0" timestamp="2023-07-27T03:09:46 EET" skipped="0">
  <testcase classname="E_Commerce.opencart.isElement" name="testIsElementPresent" time="0.391"/>
</testsuite> <!-- E_Commerce.opencart.isElement -->
